# JRE version: OpenJDK Runtime Environment (17.0.11) (build 17.0.11+0--11852314)
# Java VM: OpenJDK 64-Bit Server VM (17.0.11+0--11852314, mixed mode, tiered, compressed oops, compressed class ptrs, g1 gc, windows-amd64)
GC Precious Log:
 CPUs: 8 total, 8 available
 Memory: 16183M
 Large Page Support: Disabled
 NUMA Support: Disabled
 Compressed Oops: Enabled (32-bit)
 Heap Region Size: 1M
 Heap Min Capacity: 8M
 Heap Initial Capacity: 254M
 Heap Max Capacity: 2G
 Pre-touch: Disabled
 Parallel Workers: 8
 Concurrent Workers: 2
 Concurrent Refinement Workers: 8
 Periodic GC: Disabled
Heap:
 garbage-first heap   total 291840K, used 248449K [0x0000000080000000, 0x0000000100000000)
  region size 1024K, 21 young (21504K), 4 survivors (4096K)
 Metaspace       used 135697K, committed 136640K, reserved 1179648K
  class space    used 17968K, committed 18432K, reserved 1048576K
GC Heap History (20 events):
Event: 60.370 GC heap before
{Heap before GC invocations=72 (full 0):
 garbage-first heap   total 225280K, used 196995K [0x0000000080000000, 0x0000000100000000)
  region size 1024K, 20 young (20480K), 3 survivors (3072K)
 Metaspace       used 118849K, committed 119680K, reserved 1179648K
  class space    used 16110K, committed 16512K, reserved 1048576K
}
Event: 60.374 GC heap after
{Heap after GC invocations=73 (full 0):
 garbage-first heap   total 225280K, used 182160K [0x0000000080000000, 0x0000000100000000)
  region size 1024K, 2 young (2048K), 2 survivors (2048K)
 Metaspace       used 118849K, committed 119680K, reserved 1179648K
  class space    used 16110K, committed 16512K, reserved 1048576K
}
Event: 71.110 GC heap before
{Heap before GC invocations=73 (full 0):
 garbage-first heap   total 225280K, used 196496K [0x0000000080000000, 0x0000000100000000)
  region size 1024K, 17 young (17408K), 2 survivors (2048K)
 Metaspace       used 120165K, committed 121024K, reserved 1179648K
  class space    used 16325K, committed 16768K, reserved 1048576K
}
Event: 71.114 GC heap after
{Heap after GC invocations=74 (full 0):
 garbage-first heap   total 291840K, used 182352K [0x0000000080000000, 0x0000000100000000)
  region size 1024K, 2 young (2048K), 2 survivors (2048K)
 Metaspace       used 120165K, committed 121024K, reserved 1179648K
  class space    used 16325K, committed 16768K, reserved 1048576K
}
Event: 71.610 GC heap before
{Heap before GC invocations=74 (full 0):
 garbage-first heap   total 291840K, used 250960K [0x0000000080000000, 0x0000000100000000)
  region size 1024K, 68 young (69632K), 2 survivors (2048K)
 Metaspace       used 120417K, committed 121344K, reserved 1179648K
  class space    used 16347K, committed 16768K, reserved 1048576K
}
Event: 71.619 GC heap after
{Heap after GC invocations=75 (full 0):
 garbage-first heap   total 291840K, used 194837K [0x0000000080000000, 0x0000000100000000)
  region size 1024K, 9 young (9216K), 9 survivors (9216K)
 Metaspace       used 120417K, committed 121344K, reserved 1179648K
  class space    used 16347K, committed 16768K, reserved 1048576K
}
Event: 72.232 GC heap before
{Heap before GC invocations=75 (full 0):
 garbage-first heap   total 291840K, used 246037K [0x0000000080000000, 0x0000000100000000)
  region size 1024K, 56 young (57344K), 9 survivors (9216K)
 Metaspace       used 125646K, committed 126592K, reserved 1179648K
  class space    used 16931K, committed 17408K, reserved 1048576K
}
Event: 72.238 GC heap after
{Heap after GC invocations=76 (full 0):
 garbage-first heap   total 291840K, used 196990K [0x0000000080000000, 0x0000000100000000)
  region size 1024K, 3 young (3072K), 3 survivors (3072K)
 Metaspace       used 125646K, committed 126592K, reserved 1179648K
  class space    used 16931K, committed 17408K, reserved 1048576K
}
Event: 72.799 GC heap before
{Heap before GC invocations=76 (full 0):
 garbage-first heap   total 291840K, used 248190K [0x0000000080000000, 0x0000000100000000)
  region size 1024K, 50 young (51200K), 3 survivors (3072K)
 Metaspace       used 129125K, committed 130048K, reserved 1179648K
  class space    used 17306K, committed 17728K, reserved 1048576K
}
Event: 72.806 GC heap after
{Heap after GC invocations=77 (full 0):
 garbage-first heap   total 291840K, used 208215K [0x0000000080000000, 0x0000000100000000)
  region size 1024K, 7 young (7168K), 7 survivors (7168K)
 Metaspace       used 129125K, committed 130048K, reserved 1179648K
  class space    used 17306K, committed 17728K, reserved 1048576K
}
Event: 74.417 GC heap before
{Heap before GC invocations=77 (full 0):
 garbage-first heap   total 291840K, used 244055K [0x0000000080000000, 0x0000000100000000)
  region size 1024K, 41 young (41984K), 7 survivors (7168K)
 Metaspace       used 132344K, committed 133312K, reserved 1179648K
  class space    used 17563K, committed 18048K, reserved 1048576K
}
Event: 74.424 GC heap after
{Heap after GC invocations=78 (full 0):
 garbage-first heap   total 291840K, used 210415K [0x0000000080000000, 0x0000000100000000)
  region size 1024K, 4 young (4096K), 4 survivors (4096K)
 Metaspace       used 132344K, committed 133312K, reserved 1179648K
  class space    used 17563K, committed 18048K, reserved 1048576K
}
Event: 76.811 GC heap before
{Heap before GC invocations=78 (full 0):
 garbage-first heap   total 291840K, used 243183K [0x0000000080000000, 0x0000000100000000)
  region size 1024K, 37 young (37888K), 4 survivors (4096K)
 Metaspace       used 132570K, committed 133504K, reserved 1179648K
  class space    used 17587K, committed 18048K, reserved 1048576K
}
Event: 76.814 GC heap after
{Heap after GC invocations=79 (full 0):
 garbage-first heap   total 291840K, used 210645K [0x0000000080000000, 0x0000000100000000)
  region size 1024K, 1 young (1024K), 1 survivors (1024K)
 Metaspace       used 132570K, committed 133504K, reserved 1179648K
  class space    used 17587K, committed 18048K, reserved 1048576K
}
Event: 77.026 GC heap before
{Heap before GC invocations=79 (full 0):
 garbage-first heap   total 291840K, used 246485K [0x0000000080000000, 0x0000000100000000)
  region size 1024K, 36 young (36864K), 1 survivors (1024K)
 Metaspace       used 133572K, committed 134528K, reserved 1179648K
  class space    used 17714K, committed 18176K, reserved 1048576K
}
Event: 77.031 GC heap after
{Heap after GC invocations=80 (full 0):
 garbage-first heap   total 291840K, used 216031K [0x0000000080000000, 0x0000000100000000)
  region size 1024K, 5 young (5120K), 5 survivors (5120K)
 Metaspace       used 133572K, committed 134528K, reserved 1179648K
  class space    used 17714K, committed 18176K, reserved 1048576K
}
Event: 77.599 GC heap before
{Heap before GC invocations=80 (full 0):
 garbage-first heap   total 291840K, used 248799K [0x0000000080000000, 0x0000000100000000)
  region size 1024K, 36 young (36864K), 5 survivors (5120K)
 Metaspace       used 134565K, committed 135488K, reserved 1179648K
  class space    used 17818K, committed 18304K, reserved 1048576K
}
Event: 77.608 GC heap after
{Heap after GC invocations=81 (full 0):
 garbage-first heap   total 291840K, used 227001K [0x0000000080000000, 0x0000000100000000)
  region size 1024K, 5 young (5120K), 5 survivors (5120K)
 Metaspace       used 134565K, committed 135488K, reserved 1179648K
  class space    used 17818K, committed 18304K, reserved 1048576K
}
Event: 77.949 GC heap before
{Heap before GC invocations=81 (full 0):
 garbage-first heap   total 291840K, used 246457K [0x0000000080000000, 0x0000000100000000)
  region size 1024K, 25 young (25600K), 5 survivors (5120K)
 Metaspace       used 134605K, committed 135552K, reserved 1179648K
  class space    used 17821K, committed 18304K, reserved 1048576K
}
Event: 77.953 GC heap after
{Heap after GC invocations=82 (full 0):
 garbage-first heap   total 291840K, used 232065K [0x0000000080000000, 0x0000000100000000)
  region size 1024K, 4 young (4096K), 4 survivors (4096K)
 Metaspace       used 134605K, committed 135552K, reserved 1179648K
  class space    used 17821K, committed 18304K, reserved 1048576K
}

